<?xml version="1.0" encoding="UTF-8"?>
<testng-results skipped="0" failed="0" ignored="0" total="2" passed="2">
  <reporter-output>
  </reporter-output>
  <suite name="Google Suite" duration-ms="5257" started-at="2022-09-15T03:32:06Z" finished-at="2022-09-15T03:32:11Z">
    <groups>
    </groups>
    <test name="Google Test" duration-ms="5257" started-at="2022-09-15T03:32:06Z" finished-at="2022-09-15T03:32:11Z">
      <class name="a1_sampletest.GoogleTest">
        <test-method status="PASS" signature="validatebing()[pri:0, instance:a1_sampletest.GoogleTest@60c6f5b]" name="validatebing" duration-ms="5242" started-at="2022-09-15T09:02:06Z" finished-at="2022-09-15T09:02:11Z">
          <reporter-output>
          </reporter-output>
        </test-method> <!-- validatebing -->
      </class> <!-- a1_sampletest.GoogleTest -->
    </test> <!-- Google Test -->
  </suite> <!-- Google Suite -->
  <suite name="allSuites" duration-ms="0" started-at="2022-09-15T03:32:11Z" finished-at="2022-09-15T03:32:11Z">
    <groups>
    </groups>
  </suite> <!-- allSuites -->
  <suite name="Bing Suite" duration-ms="12604" started-at="2022-09-15T03:31:53Z" finished-at="2022-09-15T03:32:06Z">
    <groups>
    </groups>
    <test name="Bing Test" duration-ms="12604" started-at="2022-09-15T03:31:53Z" finished-at="2022-09-15T03:32:06Z">
      <class name="a1_sampletest.BingTest">
        <test-method status="PASS" signature="validatebing()[pri:0, instance:a1_sampletest.BingTest@27c20538]" name="validatebing" duration-ms="12566" started-at="2022-09-15T09:01:53Z" finished-at="2022-09-15T09:02:06Z">
          <reporter-output>
          </reporter-output>
        </test-method> <!-- validatebing -->
      </class> <!-- a1_sampletest.BingTest -->
    </test> <!-- Bing Test -->
  </suite> <!-- Bing Suite -->
</testng-results>
